<?xml version="1.0" encoding="UTF-8"?>
<!-- Generated by org.testng.reporters.JUnitReportReporter -->
<testsuite hostname="LAPTOP-61BL446C" failures="0" tests="5" name="DemoWebShop1.DemoWebShop_Testing" time="5.386" errors="0" timestamp="2025-08-16T17:42:40 IST" skipped="0">
  <testcase classname="DemoWebShop1.DemoWebShop_Testing" name="loginUser" time="2.374"/>
  <testcase classname="DemoWebShop1.DemoWebShop_Testing" name="goToElectronics" time="0.881"/>
  <testcase classname="DemoWebShop1.DemoWebShop_Testing" name="goToCellPhones" time="0.898"/>
  <testcase classname="DemoWebShop1.DemoWebShop_Testing" name="selectingItem" time="1.065"/>
  <testcase classname="DemoWebShop1.DemoWebShop_Testing" name="ToCart" time="0.168"/>
</testsuite> <!-- DemoWebShop1.DemoWebShop_Testing -->
