<?xml version="1.0" encoding="UTF-8"?>
<!-- Generated by org.testng.reporters.JUnitReportReporter -->
<testsuite hostname="LAPTOP-61BL446C" failures="0" tests="2" name="testDemo1.Automation1" time="6.452" errors="0" timestamp="2025-08-12T12:14:39 IST" skipped="0">
  <testcase classname="testDemo1.Automation1" name="RegisterUser" time="4.527"/>
  <testcase classname="testDemo1.Automation1" name="launchGoogle" time="1.925"/>
</testsuite> <!-- testDemo1.Automation1 -->
