<?xml version="1.0" encoding="UTF-8"?>
<!-- Generated by org.testng.reporters.JUnitReportReporter -->
<testsuite hostname="LAPTOP-61BL446C" failures="0" tests="6" name="DemoWebShop.DemoWebShop_Testing" time="9.887" errors="0" timestamp="2025-08-13T16:13:16 IST" skipped="0">
  <testcase classname="DemoWebShop.DemoWebShop_Testing" name="launchBrowser" time="2.762"/>
  <testcase classname="DemoWebShop.DemoWebShop_Testing" name="loginUser" time="4.535"/>
  <testcase classname="DemoWebShop.DemoWebShop_Testing" name="goToElectronics" time="0.882"/>
  <testcase classname="DemoWebShop.DemoWebShop_Testing" name="goToCamera" time="0.737"/>
  <testcase classname="DemoWebShop.DemoWebShop_Testing" name="selectingItem" time="0.873"/>
  <testcase classname="DemoWebShop.DemoWebShop_Testing" name="addToCart" time="0.098"/>
</testsuite> <!-- DemoWebShop.DemoWebShop_Testing -->
