<?xml version="1.0" encoding="UTF-8"?>
<!-- Generated by org.testng.reporters.JUnitReportReporter -->
<testsuite hostname="LAPTOP-61BL446C" failures="0" tests="5" name="DemoWebShop1.DemoWebShop_Testing" time="6.679" errors="0" timestamp="2025-08-14T16:03:13 IST" skipped="0">
  <testcase classname="DemoWebShop1.DemoWebShop_Testing" name="loginUser" time="2.417"/>
  <testcase classname="DemoWebShop1.DemoWebShop_Testing" name="goToElectronics" time="0.920"/>
  <testcase classname="DemoWebShop1.DemoWebShop_Testing" name="goToCellPhones" time="0.976"/>
  <testcase classname="DemoWebShop1.DemoWebShop_Testing" name="selectingItem" time="2.231"/>
  <testcase classname="DemoWebShop1.DemoWebShop_Testing" name="ToCart" time="0.135"/>
</testsuite> <!-- DemoWebShop1.DemoWebShop_Testing -->
