<?xml version="1.0" encoding="UTF-8"?>
<!-- Generated by org.testng.reporters.JUnitReportReporter -->
<testsuite hostname="LAPTOP-61BL446C" failures="0" tests="5" name="DemoWebShop.DemoWebShop_Testing" time="6.253" errors="0" timestamp="2025-08-14T12:20:49 IST" skipped="0">
  <testcase classname="DemoWebShop.DemoWebShop_Testing" name="loginUser" time="2.991"/>
  <testcase classname="DemoWebShop.DemoWebShop_Testing" name="goToElectronics" time="0.728"/>
  <testcase classname="DemoWebShop.DemoWebShop_Testing" name="goToCellPhones" time="0.790"/>
  <testcase classname="DemoWebShop.DemoWebShop_Testing" name="selectingItem" time="1.645"/>
  <testcase classname="DemoWebShop.DemoWebShop_Testing" name="ToCart" time="0.099"/>
</testsuite> <!-- DemoWebShop.DemoWebShop_Testing -->
